e:\cobject\cstudy\cstudy\debug\vc140.pdb
e:\cobject\cstudy\cstudy\debug\vc140.idb
e:\cobject\cstudy\cstudy\debug\chapterfour.obj
e:\cobject\cstudy\cstudy\debug\chapterthree.obj
e:\cobject\cstudy\cstudy\debug\chapterfive.obj
e:\cobject\cstudy\debug\cstudy.ilk
e:\cobject\cstudy\debug\cstudy.exe
e:\cobject\cstudy\debug\cstudy.pdb
e:\cobject\cstudy\cstudy\debug\cstudy.tlog\cl.command.1.tlog
e:\cobject\cstudy\cstudy\debug\cstudy.tlog\cl.read.1.tlog
e:\cobject\cstudy\cstudy\debug\cstudy.tlog\cl.write.1.tlog
e:\cobject\cstudy\cstudy\debug\cstudy.tlog\link.8020-cvtres.read.1.tlog
e:\cobject\cstudy\cstudy\debug\cstudy.tlog\link.8020-cvtres.write.1.tlog
e:\cobject\cstudy\cstudy\debug\cstudy.tlog\link.8020-rc.read.1.tlog
e:\cobject\cstudy\cstudy\debug\cstudy.tlog\link.8020-rc.write.1.tlog
e:\cobject\cstudy\cstudy\debug\cstudy.tlog\link.8020.read.1.tlog
e:\cobject\cstudy\cstudy\debug\cstudy.tlog\link.8020.write.1.tlog
e:\cobject\cstudy\cstudy\debug\cstudy.tlog\link.command.1.tlog
e:\cobject\cstudy\cstudy\debug\cstudy.tlog\link.read.1.tlog
e:\cobject\cstudy\cstudy\debug\cstudy.tlog\link.write.1.tlog
